The system is: Linux - 5.3.0-59-generic - x86_64
Compiling the C compiler identification source file "CMakeCCompilerId.c" succeeded.
Compiler: /media/alik/f54faace-0b8b-4347-99e8-abd0dfe48105/opt/arm-himix200-linux/bin/arm-himix200-linux-gcc 
Build flags: 
Id flags:  

The output was:
0


Compilation of the C compiler identification source "CMakeCCompilerId.c" produced "a.out"

The C compiler identification is GNU, found in "/media/alik/180307/3559a/aipc/build/CMakeFiles/3.10.2/CompilerIdC/a.out"

Compiling the CXX compiler identification source file "CMakeCXXCompilerId.cpp" succeeded.
Compiler: /media/alik/f54faace-0b8b-4347-99e8-abd0dfe48105/opt/arm-himix200-linux/bin/arm-himix200-linux-g++ 
Build flags: 
Id flags:  

The output was:
0


Compilation of the CXX compiler identification source "CMakeCXXCompilerId.cpp" produced "a.out"

The CXX compiler identification is GNU, found in "/media/alik/180307/3559a/aipc/build/CMakeFiles/3.10.2/CompilerIdCXX/a.out"

Determining if the C compiler works passed with the following output:
Change Dir: /media/alik/180307/3559a/aipc/build/CMakeFiles/CMakeTmp

Run Build Command:"/usr/bin/make" "cmTC_85ff1/fast"
/usr/bin/make -f CMakeFiles/cmTC_85ff1.dir/build.make CMakeFiles/cmTC_85ff1.dir/build
make[1]: Entering directory '/media/alik/180307/3559a/aipc/build/CMakeFiles/CMakeTmp'
Building C object CMakeFiles/cmTC_85ff1.dir/testCCompiler.c.o
/media/alik/f54faace-0b8b-4347-99e8-abd0dfe48105/opt/arm-himix200-linux/bin/arm-himix200-linux-gcc    -o CMakeFiles/cmTC_85ff1.dir/testCCompiler.c.o   -c /media/alik/180307/3559a/aipc/build/CMakeFiles/CMakeTmp/testCCompiler.c
Linking C executable cmTC_85ff1
/usr/bin/cmake -E cmake_link_script CMakeFiles/cmTC_85ff1.dir/link.txt --verbose=1
/media/alik/f54faace-0b8b-4347-99e8-abd0dfe48105/opt/arm-himix200-linux/bin/arm-himix200-linux-gcc      -rdynamic CMakeFiles/cmTC_85ff1.dir/testCCompiler.c.o  -o cmTC_85ff1 
make[1]: Leaving directory '/media/alik/180307/3559a/aipc/build/CMakeFiles/CMakeTmp'


Detecting C compiler ABI info compiled with the following output:
Change Dir: /media/alik/180307/3559a/aipc/build/CMakeFiles/CMakeTmp

Run Build Command:"/usr/bin/make" "cmTC_f1b5a/fast"
/usr/bin/make -f CMakeFiles/cmTC_f1b5a.dir/build.make CMakeFiles/cmTC_f1b5a.dir/build
make[1]: Entering directory '/media/alik/180307/3559a/aipc/build/CMakeFiles/CMakeTmp'
Building C object CMakeFiles/cmTC_f1b5a.dir/CMakeCCompilerABI.c.o
/media/alik/f54faace-0b8b-4347-99e8-abd0dfe48105/opt/arm-himix200-linux/bin/arm-himix200-linux-gcc    -o CMakeFiles/cmTC_f1b5a.dir/CMakeCCompilerABI.c.o   -c /usr/share/cmake-3.10/Modules/CMakeCCompilerABI.c
Linking C executable cmTC_f1b5a
/usr/bin/cmake -E cmake_link_script CMakeFiles/cmTC_f1b5a.dir/link.txt --verbose=1
/media/alik/f54faace-0b8b-4347-99e8-abd0dfe48105/opt/arm-himix200-linux/bin/arm-himix200-linux-gcc     -v -rdynamic CMakeFiles/cmTC_f1b5a.dir/CMakeCCompilerABI.c.o  -o cmTC_f1b5a 
Using built-in specs.
COLLECT_GCC=/media/alik/f54faace-0b8b-4347-99e8-abd0dfe48105/opt/arm-himix200-linux/bin/arm-himix200-linux-gcc
COLLECT_LTO_WRAPPER=/media/alik/f54faace-0b8b-4347-99e8-abd0dfe48105/opt/arm-himix200-linux/host_bin/../libexec/gcc/arm-linux-gnueabi/6.3.0/lto-wrapper
Target: arm-linux-gnueabi
Configured with: /home/sying/SDK_CPU_UNIFIED/build/script/arm-himix200-linux/arm_himix200_build_dir/src/gcc-6.3.0/configure --host=i386-redhat-linux --build=i386-redhat-linux --target=arm-linux-gnueabi --prefix=/home/sying/SDK_CPU_UNIFIED/build/script/arm-himix200-linux/arm_himix200_build_dir/install --enable-threads --disable-libmudflap --disable-libssp --disable-libstdcxx-pch --with-gnu-as --with-gnu-ld --enable-languages=c,c++ --enable-shared --enable-lto --enable-symvers=gnu --enable-__cxa_atexit --disable-nls --enable-clocale=gnu --enable-extra-hisi-multilibs --with-sysroot=/home/sying/SDK_CPU_UNIFIED/build/script/arm-himix200-linux/arm_himix200_build_dir/install/target --with-build-sysroot=/home/sying/SDK_CPU_UNIFIED/build/script/arm-himix200-linux/arm_himix200_build_dir/install/target --with-gmp=/home/sying/SDK_CPU_UNIFIED/build/script/arm-himix200-linux/arm_himix200_build_dir/obj/host-libs/usr --with-mpfr=/home/sying/SDK_CPU_UNIFIED/build/script/arm-himix200-linux/arm_himix200_build_dir/obj/host-libs/usr --with-mpc=/home/sying/SDK_CPU_UNIFIED/build/script/arm-himix200-linux/arm_himix200_build_dir/obj/host-libs/usr --enable-libgomp --disable-libitm --enable-poison-system-directories --with-pkgversion='HC&C V100R002C00B027_20181107'
Thread model: posix
gcc version 6.3.0 (HC&C V100R002C00B027_20181107) 
COMPILER_PATH=/media/alik/f54faace-0b8b-4347-99e8-abd0dfe48105/opt/arm-himix200-linux/host_bin/../libexec/gcc/arm-linux-gnueabi/6.3.0/:/media/alik/f54faace-0b8b-4347-99e8-abd0dfe48105/opt/arm-himix200-linux/host_bin/../libexec/gcc/:/media/alik/f54faace-0b8b-4347-99e8-abd0dfe48105/opt/arm-himix200-linux/host_bin/../lib/gcc/arm-linux-gnueabi/6.3.0/../../../../arm-linux-gnueabi/bin/
LIBRARY_PATH=/media/alik/f54faace-0b8b-4347-99e8-abd0dfe48105/opt/arm-himix200-linux/host_bin/../lib/gcc/arm-linux-gnueabi/6.3.0/:/media/alik/f54faace-0b8b-4347-99e8-abd0dfe48105/opt/arm-himix200-linux/host_bin/../lib/gcc/:/media/alik/f54faace-0b8b-4347-99e8-abd0dfe48105/opt/arm-himix200-linux/host_bin/../lib/gcc/arm-linux-gnueabi/6.3.0/../../../../arm-linux-gnueabi/lib/:/media/alik/f54faace-0b8b-4347-99e8-abd0dfe48105/opt/arm-himix200-linux/host_bin/../target/lib/:/media/alik/f54faace-0b8b-4347-99e8-abd0dfe48105/opt/arm-himix200-linux/host_bin/../target/usr/lib/
COLLECT_GCC_OPTIONS='-v' '-rdynamic' '-o' 'cmTC_f1b5a' '-mtls-dialect=gnu'
 /media/alik/f54faace-0b8b-4347-99e8-abd0dfe48105/opt/arm-himix200-linux/host_bin/../libexec/gcc/arm-linux-gnueabi/6.3.0/collect2 -plugin /media/alik/f54faace-0b8b-4347-99e8-abd0dfe48105/opt/arm-himix200-linux/host_bin/../libexec/gcc/arm-linux-gnueabi/6.3.0/liblto_plugin.so -plugin-opt=/media/alik/f54faace-0b8b-4347-99e8-abd0dfe48105/opt/arm-himix200-linux/host_bin/../libexec/gcc/arm-linux-gnueabi/6.3.0/lto-wrapper -plugin-opt=-fresolution=/tmp/ccmhGDyh.res -plugin-opt=-pass-through=-lgcc -plugin-opt=-pass-through=-lgcc_s -plugin-opt=-pass-through=-lc -plugin-opt=-pass-through=-lgcc -plugin-opt=-pass-through=-lgcc_s --sysroot=/media/alik/f54faace-0b8b-4347-99e8-abd0dfe48105/opt/arm-himix200-linux/host_bin/../target --eh-frame-hdr -export-dynamic -dynamic-linker /lib/ld-linux.so.3 -X -m armelf_linux_eabi -o cmTC_f1b5a /media/alik/f54faace-0b8b-4347-99e8-abd0dfe48105/opt/arm-himix200-linux/host_bin/../target/usr/lib/crt1.o /media/alik/f54faace-0b8b-4347-99e8-abd0dfe48105/opt/arm-himix200-linux/host_bin/../target/usr/lib/crti.o /media/alik/f54faace-0b8b-4347-99e8-abd0dfe48105/opt/arm-himix200-linux/host_bin/../lib/gcc/arm-linux-gnueabi/6.3.0/crtbegin.o -L/media/alik/f54faace-0b8b-4347-99e8-abd0dfe48105/opt/arm-himix200-linux/host_bin/../lib/gcc/arm-linux-gnueabi/6.3.0 -L/media/alik/f54faace-0b8b-4347-99e8-abd0dfe48105/opt/arm-himix200-linux/host_bin/../lib/gcc -L/media/alik/f54faace-0b8b-4347-99e8-abd0dfe48105/opt/arm-himix200-linux/host_bin/../lib/gcc/arm-linux-gnueabi/6.3.0/../../../../arm-linux-gnueabi/lib -L/media/alik/f54faace-0b8b-4347-99e8-abd0dfe48105/opt/arm-himix200-linux/host_bin/../target/lib -L/media/alik/f54faace-0b8b-4347-99e8-abd0dfe48105/opt/arm-himix200-linux/host_bin/../target/usr/lib CMakeFiles/cmTC_f1b5a.dir/CMakeCCompilerABI.c.o -lgcc --as-needed -lgcc_s --no-as-needed -lc -lgcc --as-needed -lgcc_s --no-as-needed /media/alik/f54faace-0b8b-4347-99e8-abd0dfe48105/opt/arm-himix200-linux/host_bin/../lib/gcc/arm-linux-gnueabi/6.3.0/crtend.o /media/alik/f54faace-0b8b-4347-99e8-abd0dfe48105/opt/arm-himix200-linux/host_bin/../target/usr/lib/crtn.o
COLLECT_GCC_OPTIONS='-v' '-rdynamic' '-o' 'cmTC_f1b5a' '-mtls-dialect=gnu'
make[1]: Leaving directory '/media/alik/180307/3559a/aipc/build/CMakeFiles/CMakeTmp'


Parsed C implicit link information from above output:
  link line regex: [^( *|.*[/\])(ld|CMAKE_LINK_STARTFILE-NOTFOUND|([^/\]+-)?ld|collect2)[^/\]*( |$)]
  ignore line: [Change Dir: /media/alik/180307/3559a/aipc/build/CMakeFiles/CMakeTmp]
  ignore line: []
  ignore line: [Run Build Command:"/usr/bin/make" "cmTC_f1b5a/fast"]
  ignore line: [/usr/bin/make -f CMakeFiles/cmTC_f1b5a.dir/build.make CMakeFiles/cmTC_f1b5a.dir/build]
  ignore line: [make[1]: Entering directory '/media/alik/180307/3559a/aipc/build/CMakeFiles/CMakeTmp']
  ignore line: [Building C object CMakeFiles/cmTC_f1b5a.dir/CMakeCCompilerABI.c.o]
  ignore line: [/media/alik/f54faace-0b8b-4347-99e8-abd0dfe48105/opt/arm-himix200-linux/bin/arm-himix200-linux-gcc    -o CMakeFiles/cmTC_f1b5a.dir/CMakeCCompilerABI.c.o   -c /usr/share/cmake-3.10/Modules/CMakeCCompilerABI.c]
  ignore line: [Linking C executable cmTC_f1b5a]
  ignore line: [/usr/bin/cmake -E cmake_link_script CMakeFiles/cmTC_f1b5a.dir/link.txt --verbose=1]
  ignore line: [/media/alik/f54faace-0b8b-4347-99e8-abd0dfe48105/opt/arm-himix200-linux/bin/arm-himix200-linux-gcc     -v -rdynamic CMakeFiles/cmTC_f1b5a.dir/CMakeCCompilerABI.c.o  -o cmTC_f1b5a ]
  ignore line: [Using built-in specs.]
  ignore line: [COLLECT_GCC=/media/alik/f54faace-0b8b-4347-99e8-abd0dfe48105/opt/arm-himix200-linux/bin/arm-himix200-linux-gcc]
  ignore line: [COLLECT_LTO_WRAPPER=/media/alik/f54faace-0b8b-4347-99e8-abd0dfe48105/opt/arm-himix200-linux/host_bin/../libexec/gcc/arm-linux-gnueabi/6.3.0/lto-wrapper]
  ignore line: [Target: arm-linux-gnueabi]
  ignore line: [Configured with: /home/sying/SDK_CPU_UNIFIED/build/script/arm-himix200-linux/arm_himix200_build_dir/src/gcc-6.3.0/configure --host=i386-redhat-linux --build=i386-redhat-linux --target=arm-linux-gnueabi --prefix=/home/sying/SDK_CPU_UNIFIED/build/script/arm-himix200-linux/arm_himix200_build_dir/install --enable-threads --disable-libmudflap --disable-libssp --disable-libstdcxx-pch --with-gnu-as --with-gnu-ld --enable-languages=c,c++ --enable-shared --enable-lto --enable-symvers=gnu --enable-__cxa_atexit --disable-nls --enable-clocale=gnu --enable-extra-hisi-multilibs --with-sysroot=/home/sying/SDK_CPU_UNIFIED/build/script/arm-himix200-linux/arm_himix200_build_dir/install/target --with-build-sysroot=/home/sying/SDK_CPU_UNIFIED/build/script/arm-himix200-linux/arm_himix200_build_dir/install/target --with-gmp=/home/sying/SDK_CPU_UNIFIED/build/script/arm-himix200-linux/arm_himix200_build_dir/obj/host-libs/usr --with-mpfr=/home/sying/SDK_CPU_UNIFIED/build/script/arm-himix200-linux/arm_himix200_build_dir/obj/host-libs/usr --with-mpc=/home/sying/SDK_CPU_UNIFIED/build/script/arm-himix200-linux/arm_himix200_build_dir/obj/host-libs/usr --enable-libgomp --disable-libitm --enable-poison-system-directories --with-pkgversion='HC&C V100R002C00B027_20181107']
  ignore line: [Thread model: posix]
  ignore line: [gcc version 6.3.0 (HC&C V100R002C00B027_20181107) ]
  ignore line: [COMPILER_PATH=/media/alik/f54faace-0b8b-4347-99e8-abd0dfe48105/opt/arm-himix200-linux/host_bin/../libexec/gcc/arm-linux-gnueabi/6.3.0/:/media/alik/f54faace-0b8b-4347-99e8-abd0dfe48105/opt/arm-himix200-linux/host_bin/../libexec/gcc/:/media/alik/f54faace-0b8b-4347-99e8-abd0dfe48105/opt/arm-himix200-linux/host_bin/../lib/gcc/arm-linux-gnueabi/6.3.0/../../../../arm-linux-gnueabi/bin/]
  ignore line: [LIBRARY_PATH=/media/alik/f54faace-0b8b-4347-99e8-abd0dfe48105/opt/arm-himix200-linux/host_bin/../lib/gcc/arm-linux-gnueabi/6.3.0/:/media/alik/f54faace-0b8b-4347-99e8-abd0dfe48105/opt/arm-himix200-linux/host_bin/../lib/gcc/:/media/alik/f54faace-0b8b-4347-99e8-abd0dfe48105/opt/arm-himix200-linux/host_bin/../lib/gcc/arm-linux-gnueabi/6.3.0/../../../../arm-linux-gnueabi/lib/:/media/alik/f54faace-0b8b-4347-99e8-abd0dfe48105/opt/arm-himix200-linux/host_bin/../target/lib/:/media/alik/f54faace-0b8b-4347-99e8-abd0dfe48105/opt/arm-himix200-linux/host_bin/../target/usr/lib/]
  ignore line: [COLLECT_GCC_OPTIONS='-v' '-rdynamic' '-o' 'cmTC_f1b5a' '-mtls-dialect=gnu']
  link line: [ /media/alik/f54faace-0b8b-4347-99e8-abd0dfe48105/opt/arm-himix200-linux/host_bin/../libexec/gcc/arm-linux-gnueabi/6.3.0/collect2 -plugin /media/alik/f54faace-0b8b-4347-99e8-abd0dfe48105/opt/arm-himix200-linux/host_bin/../libexec/gcc/arm-linux-gnueabi/6.3.0/liblto_plugin.so -plugin-opt=/media/alik/f54faace-0b8b-4347-99e8-abd0dfe48105/opt/arm-himix200-linux/host_bin/../libexec/gcc/arm-linux-gnueabi/6.3.0/lto-wrapper -plugin-opt=-fresolution=/tmp/ccmhGDyh.res -plugin-opt=-pass-through=-lgcc -plugin-opt=-pass-through=-lgcc_s -plugin-opt=-pass-through=-lc -plugin-opt=-pass-through=-lgcc -plugin-opt=-pass-through=-lgcc_s --sysroot=/media/alik/f54faace-0b8b-4347-99e8-abd0dfe48105/opt/arm-himix200-linux/host_bin/../target --eh-frame-hdr -export-dynamic -dynamic-linker /lib/ld-linux.so.3 -X -m armelf_linux_eabi -o cmTC_f1b5a /media/alik/f54faace-0b8b-4347-99e8-abd0dfe48105/opt/arm-himix200-linux/host_bin/../target/usr/lib/crt1.o /media/alik/f54faace-0b8b-4347-99e8-abd0dfe48105/opt/arm-himix200-linux/host_bin/../target/usr/lib/crti.o /media/alik/f54faace-0b8b-4347-99e8-abd0dfe48105/opt/arm-himix200-linux/host_bin/../lib/gcc/arm-linux-gnueabi/6.3.0/crtbegin.o -L/media/alik/f54faace-0b8b-4347-99e8-abd0dfe48105/opt/arm-himix200-linux/host_bin/../lib/gcc/arm-linux-gnueabi/6.3.0 -L/media/alik/f54faace-0b8b-4347-99e8-abd0dfe48105/opt/arm-himix200-linux/host_bin/../lib/gcc -L/media/alik/f54faace-0b8b-4347-99e8-abd0dfe48105/opt/arm-himix200-linux/host_bin/../lib/gcc/arm-linux-gnueabi/6.3.0/../../../../arm-linux-gnueabi/lib -L/media/alik/f54faace-0b8b-4347-99e8-abd0dfe48105/opt/arm-himix200-linux/host_bin/../target/lib -L/media/alik/f54faace-0b8b-4347-99e8-abd0dfe48105/opt/arm-himix200-linux/host_bin/../target/usr/lib CMakeFiles/cmTC_f1b5a.dir/CMakeCCompilerABI.c.o -lgcc --as-needed -lgcc_s --no-as-needed -lc -lgcc --as-needed -lgcc_s --no-as-needed /media/alik/f54faace-0b8b-4347-99e8-abd0dfe48105/opt/arm-himix200-linux/host_bin/../lib/gcc/arm-linux-gnueabi/6.3.0/crtend.o /media/alik/f54faace-0b8b-4347-99e8-abd0dfe48105/opt/arm-himix200-linux/host_bin/../target/usr/lib/crtn.o]
    arg [/media/alik/f54faace-0b8b-4347-99e8-abd0dfe48105/opt/arm-himix200-linux/host_bin/../libexec/gcc/arm-linux-gnueabi/6.3.0/collect2] ==> ignore
    arg [-plugin] ==> ignore
    arg [/media/alik/f54faace-0b8b-4347-99e8-abd0dfe48105/opt/arm-himix200-linux/host_bin/../libexec/gcc/arm-linux-gnueabi/6.3.0/liblto_plugin.so] ==> ignore
    arg [-plugin-opt=/media/alik/f54faace-0b8b-4347-99e8-abd0dfe48105/opt/arm-himix200-linux/host_bin/../libexec/gcc/arm-linux-gnueabi/6.3.0/lto-wrapper] ==> ignore
    arg [-plugin-opt=-fresolution=/tmp/ccmhGDyh.res] ==> ignore
    arg [-plugin-opt=-pass-through=-lgcc] ==> ignore
    arg [-plugin-opt=-pass-through=-lgcc_s] ==> ignore
    arg [-plugin-opt=-pass-through=-lc] ==> ignore
    arg [-plugin-opt=-pass-through=-lgcc] ==> ignore
    arg [-plugin-opt=-pass-through=-lgcc_s] ==> ignore
    arg [--sysroot=/media/alik/f54faace-0b8b-4347-99e8-abd0dfe48105/opt/arm-himix200-linux/host_bin/../target] ==> ignore
    arg [--eh-frame-hdr] ==> ignore
    arg [-export-dynamic] ==> ignore
    arg [-dynamic-linker] ==> ignore
    arg [/lib/ld-linux.so.3] ==> ignore
    arg [-X] ==> ignore
    arg [-m] ==> ignore
    arg [armelf_linux_eabi] ==> ignore
    arg [-o] ==> ignore
    arg [cmTC_f1b5a] ==> ignore
    arg [/media/alik/f54faace-0b8b-4347-99e8-abd0dfe48105/opt/arm-himix200-linux/host_bin/../target/usr/lib/crt1.o] ==> ignore
    arg [/media/alik/f54faace-0b8b-4347-99e8-abd0dfe48105/opt/arm-himix200-linux/host_bin/../target/usr/lib/crti.o] ==> ignore
    arg [/media/alik/f54faace-0b8b-4347-99e8-abd0dfe48105/opt/arm-himix200-linux/host_bin/../lib/gcc/arm-linux-gnueabi/6.3.0/crtbegin.o] ==> ignore
    arg [-L/media/alik/f54faace-0b8b-4347-99e8-abd0dfe48105/opt/arm-himix200-linux/host_bin/../lib/gcc/arm-linux-gnueabi/6.3.0] ==> dir [/media/alik/f54faace-0b8b-4347-99e8-abd0dfe48105/opt/arm-himix200-linux/host_bin/../lib/gcc/arm-linux-gnueabi/6.3.0]
    arg [-L/media/alik/f54faace-0b8b-4347-99e8-abd0dfe48105/opt/arm-himix200-linux/host_bin/../lib/gcc] ==> dir [/media/alik/f54faace-0b8b-4347-99e8-abd0dfe48105/opt/arm-himix200-linux/host_bin/../lib/gcc]
    arg [-L/media/alik/f54faace-0b8b-4347-99e8-abd0dfe48105/opt/arm-himix200-linux/host_bin/../lib/gcc/arm-linux-gnueabi/6.3.0/../../../../arm-linux-gnueabi/lib] ==> dir [/media/alik/f54faace-0b8b-4347-99e8-abd0dfe48105/opt/arm-himix200-linux/host_bin/../lib/gcc/arm-linux-gnueabi/6.3.0/../../../../arm-linux-gnueabi/lib]
    arg [-L/media/alik/f54faace-0b8b-4347-99e8-abd0dfe48105/opt/arm-himix200-linux/host_bin/../target/lib] ==> dir [/media/alik/f54faace-0b8b-4347-99e8-abd0dfe48105/opt/arm-himix200-linux/host_bin/../target/lib]
    arg [-L/media/alik/f54faace-0b8b-4347-99e8-abd0dfe48105/opt/arm-himix200-linux/host_bin/../target/usr/lib] ==> dir [/media/alik/f54faace-0b8b-4347-99e8-abd0dfe48105/opt/arm-himix200-linux/host_bin/../target/usr/lib]
    arg [CMakeFiles/cmTC_f1b5a.dir/CMakeCCompilerABI.c.o] ==> ignore
    arg [-lgcc] ==> lib [gcc]
    arg [--as-needed] ==> ignore
    arg [-lgcc_s] ==> lib [gcc_s]
    arg [--no-as-needed] ==> ignore
    arg [-lc] ==> lib [c]
    arg [-lgcc] ==> lib [gcc]
    arg [--as-needed] ==> ignore
    arg [-lgcc_s] ==> lib [gcc_s]
    arg [--no-as-needed] ==> ignore
    arg [/media/alik/f54faace-0b8b-4347-99e8-abd0dfe48105/opt/arm-himix200-linux/host_bin/../lib/gcc/arm-linux-gnueabi/6.3.0/crtend.o] ==> ignore
    arg [/media/alik/f54faace-0b8b-4347-99e8-abd0dfe48105/opt/arm-himix200-linux/host_bin/../target/usr/lib/crtn.o] ==> ignore
  collapse library dir [/media/alik/f54faace-0b8b-4347-99e8-abd0dfe48105/opt/arm-himix200-linux/host_bin/../lib/gcc/arm-linux-gnueabi/6.3.0] ==> [/media/alik/f54faace-0b8b-4347-99e8-abd0dfe48105/opt/arm-himix200-linux/lib/gcc/arm-linux-gnueabi/6.3.0]
  collapse library dir [/media/alik/f54faace-0b8b-4347-99e8-abd0dfe48105/opt/arm-himix200-linux/host_bin/../lib/gcc] ==> [/media/alik/f54faace-0b8b-4347-99e8-abd0dfe48105/opt/arm-himix200-linux/lib/gcc]
  collapse library dir [/media/alik/f54faace-0b8b-4347-99e8-abd0dfe48105/opt/arm-himix200-linux/host_bin/../lib/gcc/arm-linux-gnueabi/6.3.0/../../../../arm-linux-gnueabi/lib] ==> [/media/alik/f54faace-0b8b-4347-99e8-abd0dfe48105/opt/arm-himix200-linux/arm-linux-gnueabi/lib]
  collapse library dir [/media/alik/f54faace-0b8b-4347-99e8-abd0dfe48105/opt/arm-himix200-linux/host_bin/../target/lib] ==> [/media/alik/f54faace-0b8b-4347-99e8-abd0dfe48105/opt/arm-himix200-linux/target/lib]
  collapse library dir [/media/alik/f54faace-0b8b-4347-99e8-abd0dfe48105/opt/arm-himix200-linux/host_bin/../target/usr/lib] ==> [/media/alik/f54faace-0b8b-4347-99e8-abd0dfe48105/opt/arm-himix200-linux/target/usr/lib]
  implicit libs: [gcc;gcc_s;c;gcc;gcc_s]
  implicit dirs: [/media/alik/f54faace-0b8b-4347-99e8-abd0dfe48105/opt/arm-himix200-linux/lib/gcc/arm-linux-gnueabi/6.3.0;/media/alik/f54faace-0b8b-4347-99e8-abd0dfe48105/opt/arm-himix200-linux/lib/gcc;/media/alik/f54faace-0b8b-4347-99e8-abd0dfe48105/opt/arm-himix200-linux/arm-linux-gnueabi/lib;/media/alik/f54faace-0b8b-4347-99e8-abd0dfe48105/opt/arm-himix200-linux/target/lib;/media/alik/f54faace-0b8b-4347-99e8-abd0dfe48105/opt/arm-himix200-linux/target/usr/lib]
  implicit fwks: []




Detecting C [-std=c11] compiler features compiled with the following output:
Change Dir: /media/alik/180307/3559a/aipc/build/CMakeFiles/CMakeTmp

Run Build Command:"/usr/bin/make" "cmTC_c1374/fast"
/usr/bin/make -f CMakeFiles/cmTC_c1374.dir/build.make CMakeFiles/cmTC_c1374.dir/build
make[1]: Entering directory '/media/alik/180307/3559a/aipc/build/CMakeFiles/CMakeTmp'
Building C object CMakeFiles/cmTC_c1374.dir/feature_tests.c.o
/media/alik/f54faace-0b8b-4347-99e8-abd0dfe48105/opt/arm-himix200-linux/bin/arm-himix200-linux-gcc   -std=c11 -o CMakeFiles/cmTC_c1374.dir/feature_tests.c.o   -c /media/alik/180307/3559a/aipc/build/CMakeFiles/feature_tests.c
Linking C executable cmTC_c1374
/usr/bin/cmake -E cmake_link_script CMakeFiles/cmTC_c1374.dir/link.txt --verbose=1
/media/alik/f54faace-0b8b-4347-99e8-abd0dfe48105/opt/arm-himix200-linux/bin/arm-himix200-linux-gcc      -rdynamic CMakeFiles/cmTC_c1374.dir/feature_tests.c.o  -o cmTC_c1374 
make[1]: Leaving directory '/media/alik/180307/3559a/aipc/build/CMakeFiles/CMakeTmp'


    Feature record: C_FEATURE:1c_function_prototypes
    Feature record: C_FEATURE:1c_restrict
    Feature record: C_FEATURE:1c_static_assert
    Feature record: C_FEATURE:1c_variadic_macros


Detecting C [-std=c99] compiler features compiled with the following output:
Change Dir: /media/alik/180307/3559a/aipc/build/CMakeFiles/CMakeTmp

Run Build Command:"/usr/bin/make" "cmTC_952a0/fast"
/usr/bin/make -f CMakeFiles/cmTC_952a0.dir/build.make CMakeFiles/cmTC_952a0.dir/build
make[1]: Entering directory '/media/alik/180307/3559a/aipc/build/CMakeFiles/CMakeTmp'
Building C object CMakeFiles/cmTC_952a0.dir/feature_tests.c.o
/media/alik/f54faace-0b8b-4347-99e8-abd0dfe48105/opt/arm-himix200-linux/bin/arm-himix200-linux-gcc   -std=c99 -o CMakeFiles/cmTC_952a0.dir/feature_tests.c.o   -c /media/alik/180307/3559a/aipc/build/CMakeFiles/feature_tests.c
Linking C executable cmTC_952a0
/usr/bin/cmake -E cmake_link_script CMakeFiles/cmTC_952a0.dir/link.txt --verbose=1
/media/alik/f54faace-0b8b-4347-99e8-abd0dfe48105/opt/arm-himix200-linux/bin/arm-himix200-linux-gcc      -rdynamic CMakeFiles/cmTC_952a0.dir/feature_tests.c.o  -o cmTC_952a0 
make[1]: Leaving directory '/media/alik/180307/3559a/aipc/build/CMakeFiles/CMakeTmp'


    Feature record: C_FEATURE:1c_function_prototypes
    Feature record: C_FEATURE:1c_restrict
    Feature record: C_FEATURE:0c_static_assert
    Feature record: C_FEATURE:1c_variadic_macros


Detecting C [-std=c90] compiler features compiled with the following output:
Change Dir: /media/alik/180307/3559a/aipc/build/CMakeFiles/CMakeTmp

Run Build Command:"/usr/bin/make" "cmTC_ceb01/fast"
/usr/bin/make -f CMakeFiles/cmTC_ceb01.dir/build.make CMakeFiles/cmTC_ceb01.dir/build
make[1]: Entering directory '/media/alik/180307/3559a/aipc/build/CMakeFiles/CMakeTmp'
Building C object CMakeFiles/cmTC_ceb01.dir/feature_tests.c.o
/media/alik/f54faace-0b8b-4347-99e8-abd0dfe48105/opt/arm-himix200-linux/bin/arm-himix200-linux-gcc   -std=c90 -o CMakeFiles/cmTC_ceb01.dir/feature_tests.c.o   -c /media/alik/180307/3559a/aipc/build/CMakeFiles/feature_tests.c
Linking C executable cmTC_ceb01
/usr/bin/cmake -E cmake_link_script CMakeFiles/cmTC_ceb01.dir/link.txt --verbose=1
/media/alik/f54faace-0b8b-4347-99e8-abd0dfe48105/opt/arm-himix200-linux/bin/arm-himix200-linux-gcc      -rdynamic CMakeFiles/cmTC_ceb01.dir/feature_tests.c.o  -o cmTC_ceb01 
make[1]: Leaving directory '/media/alik/180307/3559a/aipc/build/CMakeFiles/CMakeTmp'


    Feature record: C_FEATURE:1c_function_prototypes
    Feature record: C_FEATURE:0c_restrict
    Feature record: C_FEATURE:0c_static_assert
    Feature record: C_FEATURE:0c_variadic_macros
Determining if the CXX compiler works passed with the following output:
Change Dir: /media/alik/180307/3559a/aipc/build/CMakeFiles/CMakeTmp

Run Build Command:"/usr/bin/make" "cmTC_26a0e/fast"
/usr/bin/make -f CMakeFiles/cmTC_26a0e.dir/build.make CMakeFiles/cmTC_26a0e.dir/build
make[1]: Entering directory '/media/alik/180307/3559a/aipc/build/CMakeFiles/CMakeTmp'
Building CXX object CMakeFiles/cmTC_26a0e.dir/testCXXCompiler.cxx.o
/media/alik/f54faace-0b8b-4347-99e8-abd0dfe48105/opt/arm-himix200-linux/bin/arm-himix200-linux-g++     -o CMakeFiles/cmTC_26a0e.dir/testCXXCompiler.cxx.o -c /media/alik/180307/3559a/aipc/build/CMakeFiles/CMakeTmp/testCXXCompiler.cxx
Linking CXX executable cmTC_26a0e
/usr/bin/cmake -E cmake_link_script CMakeFiles/cmTC_26a0e.dir/link.txt --verbose=1
/media/alik/f54faace-0b8b-4347-99e8-abd0dfe48105/opt/arm-himix200-linux/bin/arm-himix200-linux-g++       -rdynamic CMakeFiles/cmTC_26a0e.dir/testCXXCompiler.cxx.o  -o cmTC_26a0e 
make[1]: Leaving directory '/media/alik/180307/3559a/aipc/build/CMakeFiles/CMakeTmp'


Detecting CXX compiler ABI info compiled with the following output:
Change Dir: /media/alik/180307/3559a/aipc/build/CMakeFiles/CMakeTmp

Run Build Command:"/usr/bin/make" "cmTC_acef6/fast"
/usr/bin/make -f CMakeFiles/cmTC_acef6.dir/build.make CMakeFiles/cmTC_acef6.dir/build
make[1]: Entering directory '/media/alik/180307/3559a/aipc/build/CMakeFiles/CMakeTmp'
Building CXX object CMakeFiles/cmTC_acef6.dir/CMakeCXXCompilerABI.cpp.o
/media/alik/f54faace-0b8b-4347-99e8-abd0dfe48105/opt/arm-himix200-linux/bin/arm-himix200-linux-g++     -o CMakeFiles/cmTC_acef6.dir/CMakeCXXCompilerABI.cpp.o -c /usr/share/cmake-3.10/Modules/CMakeCXXCompilerABI.cpp
Linking CXX executable cmTC_acef6
/usr/bin/cmake -E cmake_link_script CMakeFiles/cmTC_acef6.dir/link.txt --verbose=1
/media/alik/f54faace-0b8b-4347-99e8-abd0dfe48105/opt/arm-himix200-linux/bin/arm-himix200-linux-g++      -v -rdynamic CMakeFiles/cmTC_acef6.dir/CMakeCXXCompilerABI.cpp.o  -o cmTC_acef6 
Using built-in specs.
COLLECT_GCC=/media/alik/f54faace-0b8b-4347-99e8-abd0dfe48105/opt/arm-himix200-linux/bin/arm-himix200-linux-g++
COLLECT_LTO_WRAPPER=/media/alik/f54faace-0b8b-4347-99e8-abd0dfe48105/opt/arm-himix200-linux/host_bin/../libexec/gcc/arm-linux-gnueabi/6.3.0/lto-wrapper
Target: arm-linux-gnueabi
Configured with: /home/sying/SDK_CPU_UNIFIED/build/script/arm-himix200-linux/arm_himix200_build_dir/src/gcc-6.3.0/configure --host=i386-redhat-linux --build=i386-redhat-linux --target=arm-linux-gnueabi --prefix=/home/sying/SDK_CPU_UNIFIED/build/script/arm-himix200-linux/arm_himix200_build_dir/install --enable-threads --disable-libmudflap --disable-libssp --disable-libstdcxx-pch --with-gnu-as --with-gnu-ld --enable-languages=c,c++ --enable-shared --enable-lto --enable-symvers=gnu --enable-__cxa_atexit --disable-nls --enable-clocale=gnu --enable-extra-hisi-multilibs --with-sysroot=/home/sying/SDK_CPU_UNIFIED/build/script/arm-himix200-linux/arm_himix200_build_dir/install/target --with-build-sysroot=/home/sying/SDK_CPU_UNIFIED/build/script/arm-himix200-linux/arm_himix200_build_dir/install/target --with-gmp=/home/sying/SDK_CPU_UNIFIED/build/script/arm-himix200-linux/arm_himix200_build_dir/obj/host-libs/usr --with-mpfr=/home/sying/SDK_CPU_UNIFIED/build/script/arm-himix200-linux/arm_himix200_build_dir/obj/host-libs/usr --with-mpc=/home/sying/SDK_CPU_UNIFIED/build/script/arm-himix200-linux/arm_himix200_build_dir/obj/host-libs/usr --enable-libgomp --disable-libitm --enable-poison-system-directories --with-pkgversion='HC&C V100R002C00B027_20181107'
Thread model: posix
gcc version 6.3.0 (HC&C V100R002C00B027_20181107) 
COMPILER_PATH=/media/alik/f54faace-0b8b-4347-99e8-abd0dfe48105/opt/arm-himix200-linux/host_bin/../libexec/gcc/arm-linux-gnueabi/6.3.0/:/media/alik/f54faace-0b8b-4347-99e8-abd0dfe48105/opt/arm-himix200-linux/host_bin/../libexec/gcc/:/media/alik/f54faace-0b8b-4347-99e8-abd0dfe48105/opt/arm-himix200-linux/host_bin/../lib/gcc/arm-linux-gnueabi/6.3.0/../../../../arm-linux-gnueabi/bin/
LIBRARY_PATH=/media/alik/f54faace-0b8b-4347-99e8-abd0dfe48105/opt/arm-himix200-linux/host_bin/../lib/gcc/arm-linux-gnueabi/6.3.0/:/media/alik/f54faace-0b8b-4347-99e8-abd0dfe48105/opt/arm-himix200-linux/host_bin/../lib/gcc/:/media/alik/f54faace-0b8b-4347-99e8-abd0dfe48105/opt/arm-himix200-linux/host_bin/../lib/gcc/arm-linux-gnueabi/6.3.0/../../../../arm-linux-gnueabi/lib/:/media/alik/f54faace-0b8b-4347-99e8-abd0dfe48105/opt/arm-himix200-linux/host_bin/../target/lib/:/media/alik/f54faace-0b8b-4347-99e8-abd0dfe48105/opt/arm-himix200-linux/host_bin/../target/usr/lib/
COLLECT_GCC_OPTIONS='-v' '-rdynamic' '-o' 'cmTC_acef6' '-shared-libgcc' '-mtls-dialect=gnu'
 /media/alik/f54faace-0b8b-4347-99e8-abd0dfe48105/opt/arm-himix200-linux/host_bin/../libexec/gcc/arm-linux-gnueabi/6.3.0/collect2 -plugin /media/alik/f54faace-0b8b-4347-99e8-abd0dfe48105/opt/arm-himix200-linux/host_bin/../libexec/gcc/arm-linux-gnueabi/6.3.0/liblto_plugin.so -plugin-opt=/media/alik/f54faace-0b8b-4347-99e8-abd0dfe48105/opt/arm-himix200-linux/host_bin/../libexec/gcc/arm-linux-gnueabi/6.3.0/lto-wrapper -plugin-opt=-fresolution=/tmp/cchv9WAK.res -plugin-opt=-pass-through=-lgcc_s -plugin-opt=-pass-through=-lgcc -plugin-opt=-pass-through=-lc -plugin-opt=-pass-through=-lgcc_s -plugin-opt=-pass-through=-lgcc --sysroot=/media/alik/f54faace-0b8b-4347-99e8-abd0dfe48105/opt/arm-himix200-linux/host_bin/../target --eh-frame-hdr -export-dynamic -dynamic-linker /lib/ld-linux.so.3 -X -m armelf_linux_eabi -o cmTC_acef6 /media/alik/f54faace-0b8b-4347-99e8-abd0dfe48105/opt/arm-himix200-linux/host_bin/../target/usr/lib/crt1.o /media/alik/f54faace-0b8b-4347-99e8-abd0dfe48105/opt/arm-himix200-linux/host_bin/../target/usr/lib/crti.o /media/alik/f54faace-0b8b-4347-99e8-abd0dfe48105/opt/arm-himix200-linux/host_bin/../lib/gcc/arm-linux-gnueabi/6.3.0/crtbegin.o -L/media/alik/f54faace-0b8b-4347-99e8-abd0dfe48105/opt/arm-himix200-linux/host_bin/../lib/gcc/arm-linux-gnueabi/6.3.0 -L/media/alik/f54faace-0b8b-4347-99e8-abd0dfe48105/opt/arm-himix200-linux/host_bin/../lib/gcc -L/media/alik/f54faace-0b8b-4347-99e8-abd0dfe48105/opt/arm-himix200-linux/host_bin/../lib/gcc/arm-linux-gnueabi/6.3.0/../../../../arm-linux-gnueabi/lib -L/media/alik/f54faace-0b8b-4347-99e8-abd0dfe48105/opt/arm-himix200-linux/host_bin/../target/lib -L/media/alik/f54faace-0b8b-4347-99e8-abd0dfe48105/opt/arm-himix200-linux/host_bin/../target/usr/lib CMakeFiles/cmTC_acef6.dir/CMakeCXXCompilerABI.cpp.o -lstdc++ -lm -lgcc_s -lgcc -lc -lgcc_s -lgcc /media/alik/f54faace-0b8b-4347-99e8-abd0dfe48105/opt/arm-himix200-linux/host_bin/../lib/gcc/arm-linux-gnueabi/6.3.0/crtend.o /media/alik/f54faace-0b8b-4347-99e8-abd0dfe48105/opt/arm-himix200-linux/host_bin/../target/usr/lib/crtn.o
COLLECT_GCC_OPTIONS='-v' '-rdynamic' '-o' 'cmTC_acef6' '-shared-libgcc' '-mtls-dialect=gnu'
make[1]: Leaving directory '/media/alik/180307/3559a/aipc/build/CMakeFiles/CMakeTmp'


Parsed CXX implicit link information from above output:
  link line regex: [^( *|.*[/\])(ld|CMAKE_LINK_STARTFILE-NOTFOUND|([^/\]+-)?ld|collect2)[^/\]*( |$)]
  ignore line: [Change Dir: /media/alik/180307/3559a/aipc/build/CMakeFiles/CMakeTmp]
  ignore line: []
  ignore line: [Run Build Command:"/usr/bin/make" "cmTC_acef6/fast"]
  ignore line: [/usr/bin/make -f CMakeFiles/cmTC_acef6.dir/build.make CMakeFiles/cmTC_acef6.dir/build]
  ignore line: [make[1]: Entering directory '/media/alik/180307/3559a/aipc/build/CMakeFiles/CMakeTmp']
  ignore line: [Building CXX object CMakeFiles/cmTC_acef6.dir/CMakeCXXCompilerABI.cpp.o]
  ignore line: [/media/alik/f54faace-0b8b-4347-99e8-abd0dfe48105/opt/arm-himix200-linux/bin/arm-himix200-linux-g++     -o CMakeFiles/cmTC_acef6.dir/CMakeCXXCompilerABI.cpp.o -c /usr/share/cmake-3.10/Modules/CMakeCXXCompilerABI.cpp]
  ignore line: [Linking CXX executable cmTC_acef6]
  ignore line: [/usr/bin/cmake -E cmake_link_script CMakeFiles/cmTC_acef6.dir/link.txt --verbose=1]
  ignore line: [/media/alik/f54faace-0b8b-4347-99e8-abd0dfe48105/opt/arm-himix200-linux/bin/arm-himix200-linux-g++      -v -rdynamic CMakeFiles/cmTC_acef6.dir/CMakeCXXCompilerABI.cpp.o  -o cmTC_acef6 ]
  ignore line: [Using built-in specs.]
  ignore line: [COLLECT_GCC=/media/alik/f54faace-0b8b-4347-99e8-abd0dfe48105/opt/arm-himix200-linux/bin/arm-himix200-linux-g++]
  ignore line: [COLLECT_LTO_WRAPPER=/media/alik/f54faace-0b8b-4347-99e8-abd0dfe48105/opt/arm-himix200-linux/host_bin/../libexec/gcc/arm-linux-gnueabi/6.3.0/lto-wrapper]
  ignore line: [Target: arm-linux-gnueabi]
  ignore line: [Configured with: /home/sying/SDK_CPU_UNIFIED/build/script/arm-himix200-linux/arm_himix200_build_dir/src/gcc-6.3.0/configure --host=i386-redhat-linux --build=i386-redhat-linux --target=arm-linux-gnueabi --prefix=/home/sying/SDK_CPU_UNIFIED/build/script/arm-himix200-linux/arm_himix200_build_dir/install --enable-threads --disable-libmudflap --disable-libssp --disable-libstdcxx-pch --with-gnu-as --with-gnu-ld --enable-languages=c,c++ --enable-shared --enable-lto --enable-symvers=gnu --enable-__cxa_atexit --disable-nls --enable-clocale=gnu --enable-extra-hisi-multilibs --with-sysroot=/home/sying/SDK_CPU_UNIFIED/build/script/arm-himix200-linux/arm_himix200_build_dir/install/target --with-build-sysroot=/home/sying/SDK_CPU_UNIFIED/build/script/arm-himix200-linux/arm_himix200_build_dir/install/target --with-gmp=/home/sying/SDK_CPU_UNIFIED/build/script/arm-himix200-linux/arm_himix200_build_dir/obj/host-libs/usr --with-mpfr=/home/sying/SDK_CPU_UNIFIED/build/script/arm-himix200-linux/arm_himix200_build_dir/obj/host-libs/usr --with-mpc=/home/sying/SDK_CPU_UNIFIED/build/script/arm-himix200-linux/arm_himix200_build_dir/obj/host-libs/usr --enable-libgomp --disable-libitm --enable-poison-system-directories --with-pkgversion='HC&C V100R002C00B027_20181107']
  ignore line: [Thread model: posix]
  ignore line: [gcc version 6.3.0 (HC&C V100R002C00B027_20181107) ]
  ignore line: [COMPILER_PATH=/media/alik/f54faace-0b8b-4347-99e8-abd0dfe48105/opt/arm-himix200-linux/host_bin/../libexec/gcc/arm-linux-gnueabi/6.3.0/:/media/alik/f54faace-0b8b-4347-99e8-abd0dfe48105/opt/arm-himix200-linux/host_bin/../libexec/gcc/:/media/alik/f54faace-0b8b-4347-99e8-abd0dfe48105/opt/arm-himix200-linux/host_bin/../lib/gcc/arm-linux-gnueabi/6.3.0/../../../../arm-linux-gnueabi/bin/]
  ignore line: [LIBRARY_PATH=/media/alik/f54faace-0b8b-4347-99e8-abd0dfe48105/opt/arm-himix200-linux/host_bin/../lib/gcc/arm-linux-gnueabi/6.3.0/:/media/alik/f54faace-0b8b-4347-99e8-abd0dfe48105/opt/arm-himix200-linux/host_bin/../lib/gcc/:/media/alik/f54faace-0b8b-4347-99e8-abd0dfe48105/opt/arm-himix200-linux/host_bin/../lib/gcc/arm-linux-gnueabi/6.3.0/../../../../arm-linux-gnueabi/lib/:/media/alik/f54faace-0b8b-4347-99e8-abd0dfe48105/opt/arm-himix200-linux/host_bin/../target/lib/:/media/alik/f54faace-0b8b-4347-99e8-abd0dfe48105/opt/arm-himix200-linux/host_bin/../target/usr/lib/]
  ignore line: [COLLECT_GCC_OPTIONS='-v' '-rdynamic' '-o' 'cmTC_acef6' '-shared-libgcc' '-mtls-dialect=gnu']
  link line: [ /media/alik/f54faace-0b8b-4347-99e8-abd0dfe48105/opt/arm-himix200-linux/host_bin/../libexec/gcc/arm-linux-gnueabi/6.3.0/collect2 -plugin /media/alik/f54faace-0b8b-4347-99e8-abd0dfe48105/opt/arm-himix200-linux/host_bin/../libexec/gcc/arm-linux-gnueabi/6.3.0/liblto_plugin.so -plugin-opt=/media/alik/f54faace-0b8b-4347-99e8-abd0dfe48105/opt/arm-himix200-linux/host_bin/../libexec/gcc/arm-linux-gnueabi/6.3.0/lto-wrapper -plugin-opt=-fresolution=/tmp/cchv9WAK.res -plugin-opt=-pass-through=-lgcc_s -plugin-opt=-pass-through=-lgcc -plugin-opt=-pass-through=-lc -plugin-opt=-pass-through=-lgcc_s -plugin-opt=-pass-through=-lgcc --sysroot=/media/alik/f54faace-0b8b-4347-99e8-abd0dfe48105/opt/arm-himix200-linux/host_bin/../target --eh-frame-hdr -export-dynamic -dynamic-linker /lib/ld-linux.so.3 -X -m armelf_linux_eabi -o cmTC_acef6 /media/alik/f54faace-0b8b-4347-99e8-abd0dfe48105/opt/arm-himix200-linux/host_bin/../target/usr/lib/crt1.o /media/alik/f54faace-0b8b-4347-99e8-abd0dfe48105/opt/arm-himix200-linux/host_bin/../target/usr/lib/crti.o /media/alik/f54faace-0b8b-4347-99e8-abd0dfe48105/opt/arm-himix200-linux/host_bin/../lib/gcc/arm-linux-gnueabi/6.3.0/crtbegin.o -L/media/alik/f54faace-0b8b-4347-99e8-abd0dfe48105/opt/arm-himix200-linux/host_bin/../lib/gcc/arm-linux-gnueabi/6.3.0 -L/media/alik/f54faace-0b8b-4347-99e8-abd0dfe48105/opt/arm-himix200-linux/host_bin/../lib/gcc -L/media/alik/f54faace-0b8b-4347-99e8-abd0dfe48105/opt/arm-himix200-linux/host_bin/../lib/gcc/arm-linux-gnueabi/6.3.0/../../../../arm-linux-gnueabi/lib -L/media/alik/f54faace-0b8b-4347-99e8-abd0dfe48105/opt/arm-himix200-linux/host_bin/../target/lib -L/media/alik/f54faace-0b8b-4347-99e8-abd0dfe48105/opt/arm-himix200-linux/host_bin/../target/usr/lib CMakeFiles/cmTC_acef6.dir/CMakeCXXCompilerABI.cpp.o -lstdc++ -lm -lgcc_s -lgcc -lc -lgcc_s -lgcc /media/alik/f54faace-0b8b-4347-99e8-abd0dfe48105/opt/arm-himix200-linux/host_bin/../lib/gcc/arm-linux-gnueabi/6.3.0/crtend.o /media/alik/f54faace-0b8b-4347-99e8-abd0dfe48105/opt/arm-himix200-linux/host_bin/../target/usr/lib/crtn.o]
    arg [/media/alik/f54faace-0b8b-4347-99e8-abd0dfe48105/opt/arm-himix200-linux/host_bin/../libexec/gcc/arm-linux-gnueabi/6.3.0/collect2] ==> ignore
    arg [-plugin] ==> ignore
    arg [/media/alik/f54faace-0b8b-4347-99e8-abd0dfe48105/opt/arm-himix200-linux/host_bin/../libexec/gcc/arm-linux-gnueabi/6.3.0/liblto_plugin.so] ==> ignore
    arg [-plugin-opt=/media/alik/f54faace-0b8b-4347-99e8-abd0dfe48105/opt/arm-himix200-linux/host_bin/../libexec/gcc/arm-linux-gnueabi/6.3.0/lto-wrapper] ==> ignore
    arg [-plugin-opt=-fresolution=/tmp/cchv9WAK.res] ==> ignore
    arg [-plugin-opt=-pass-through=-lgcc_s] ==> ignore
    arg [-plugin-opt=-pass-through=-lgcc] ==> ignore
    arg [-plugin-opt=-pass-through=-lc] ==> ignore
    arg [-plugin-opt=-pass-through=-lgcc_s] ==> ignore
    arg [-plugin-opt=-pass-through=-lgcc] ==> ignore
    arg [--sysroot=/media/alik/f54faace-0b8b-4347-99e8-abd0dfe48105/opt/arm-himix200-linux/host_bin/../target] ==> ignore
    arg [--eh-frame-hdr] ==> ignore
    arg [-export-dynamic] ==> ignore
    arg [-dynamic-linker] ==> ignore
    arg [/lib/ld-linux.so.3] ==> ignore
    arg [-X] ==> ignore
    arg [-m] ==> ignore
    arg [armelf_linux_eabi] ==> ignore
    arg [-o] ==> ignore
    arg [cmTC_acef6] ==> ignore
    arg [/media/alik/f54faace-0b8b-4347-99e8-abd0dfe48105/opt/arm-himix200-linux/host_bin/../target/usr/lib/crt1.o] ==> ignore
    arg [/media/alik/f54faace-0b8b-4347-99e8-abd0dfe48105/opt/arm-himix200-linux/host_bin/../target/usr/lib/crti.o] ==> ignore
    arg [/media/alik/f54faace-0b8b-4347-99e8-abd0dfe48105/opt/arm-himix200-linux/host_bin/../lib/gcc/arm-linux-gnueabi/6.3.0/crtbegin.o] ==> ignore
    arg [-L/media/alik/f54faace-0b8b-4347-99e8-abd0dfe48105/opt/arm-himix200-linux/host_bin/../lib/gcc/arm-linux-gnueabi/6.3.0] ==> dir [/media/alik/f54faace-0b8b-4347-99e8-abd0dfe48105/opt/arm-himix200-linux/host_bin/../lib/gcc/arm-linux-gnueabi/6.3.0]
    arg [-L/media/alik/f54faace-0b8b-4347-99e8-abd0dfe48105/opt/arm-himix200-linux/host_bin/../lib/gcc] ==> dir [/media/alik/f54faace-0b8b-4347-99e8-abd0dfe48105/opt/arm-himix200-linux/host_bin/../lib/gcc]
    arg [-L/media/alik/f54faace-0b8b-4347-99e8-abd0dfe48105/opt/arm-himix200-linux/host_bin/../lib/gcc/arm-linux-gnueabi/6.3.0/../../../../arm-linux-gnueabi/lib] ==> dir [/media/alik/f54faace-0b8b-4347-99e8-abd0dfe48105/opt/arm-himix200-linux/host_bin/../lib/gcc/arm-linux-gnueabi/6.3.0/../../../../arm-linux-gnueabi/lib]
    arg [-L/media/alik/f54faace-0b8b-4347-99e8-abd0dfe48105/opt/arm-himix200-linux/host_bin/../target/lib] ==> dir [/media/alik/f54faace-0b8b-4347-99e8-abd0dfe48105/opt/arm-himix200-linux/host_bin/../target/lib]
    arg [-L/media/alik/f54faace-0b8b-4347-99e8-abd0dfe48105/opt/arm-himix200-linux/host_bin/../target/usr/lib] ==> dir [/media/alik/f54faace-0b8b-4347-99e8-abd0dfe48105/opt/arm-himix200-linux/host_bin/../target/usr/lib]
    arg [CMakeFiles/cmTC_acef6.dir/CMakeCXXCompilerABI.cpp.o] ==> ignore
    arg [-lstdc++] ==> lib [stdc++]
    arg [-lm] ==> lib [m]
    arg [-lgcc_s] ==> lib [gcc_s]
    arg [-lgcc] ==> lib [gcc]
    arg [-lc] ==> lib [c]
    arg [-lgcc_s] ==> lib [gcc_s]
    arg [-lgcc] ==> lib [gcc]
    arg [/media/alik/f54faace-0b8b-4347-99e8-abd0dfe48105/opt/arm-himix200-linux/host_bin/../lib/gcc/arm-linux-gnueabi/6.3.0/crtend.o] ==> ignore
    arg [/media/alik/f54faace-0b8b-4347-99e8-abd0dfe48105/opt/arm-himix200-linux/host_bin/../target/usr/lib/crtn.o] ==> ignore
  collapse library dir [/media/alik/f54faace-0b8b-4347-99e8-abd0dfe48105/opt/arm-himix200-linux/host_bin/../lib/gcc/arm-linux-gnueabi/6.3.0] ==> [/media/alik/f54faace-0b8b-4347-99e8-abd0dfe48105/opt/arm-himix200-linux/lib/gcc/arm-linux-gnueabi/6.3.0]
  collapse library dir [/media/alik/f54faace-0b8b-4347-99e8-abd0dfe48105/opt/arm-himix200-linux/host_bin/../lib/gcc] ==> [/media/alik/f54faace-0b8b-4347-99e8-abd0dfe48105/opt/arm-himix200-linux/lib/gcc]
  collapse library dir [/media/alik/f54faace-0b8b-4347-99e8-abd0dfe48105/opt/arm-himix200-linux/host_bin/../lib/gcc/arm-linux-gnueabi/6.3.0/../../../../arm-linux-gnueabi/lib] ==> [/media/alik/f54faace-0b8b-4347-99e8-abd0dfe48105/opt/arm-himix200-linux/arm-linux-gnueabi/lib]
  collapse library dir [/media/alik/f54faace-0b8b-4347-99e8-abd0dfe48105/opt/arm-himix200-linux/host_bin/../target/lib] ==> [/media/alik/f54faace-0b8b-4347-99e8-abd0dfe48105/opt/arm-himix200-linux/target/lib]
  collapse library dir [/media/alik/f54faace-0b8b-4347-99e8-abd0dfe48105/opt/arm-himix200-linux/host_bin/../target/usr/lib] ==> [/media/alik/f54faace-0b8b-4347-99e8-abd0dfe48105/opt/arm-himix200-linux/target/usr/lib]
  implicit libs: [stdc++;m;gcc_s;gcc;c;gcc_s;gcc]
  implicit dirs: [/media/alik/f54faace-0b8b-4347-99e8-abd0dfe48105/opt/arm-himix200-linux/lib/gcc/arm-linux-gnueabi/6.3.0;/media/alik/f54faace-0b8b-4347-99e8-abd0dfe48105/opt/arm-himix200-linux/lib/gcc;/media/alik/f54faace-0b8b-4347-99e8-abd0dfe48105/opt/arm-himix200-linux/arm-linux-gnueabi/lib;/media/alik/f54faace-0b8b-4347-99e8-abd0dfe48105/opt/arm-himix200-linux/target/lib;/media/alik/f54faace-0b8b-4347-99e8-abd0dfe48105/opt/arm-himix200-linux/target/usr/lib]
  implicit fwks: []




Detecting CXX [-std=c++1z] compiler features compiled with the following output:
Change Dir: /media/alik/180307/3559a/aipc/build/CMakeFiles/CMakeTmp

Run Build Command:"/usr/bin/make" "cmTC_9682b/fast"
/usr/bin/make -f CMakeFiles/cmTC_9682b.dir/build.make CMakeFiles/cmTC_9682b.dir/build
make[1]: Entering directory '/media/alik/180307/3559a/aipc/build/CMakeFiles/CMakeTmp'
Building CXX object CMakeFiles/cmTC_9682b.dir/feature_tests.cxx.o
/media/alik/f54faace-0b8b-4347-99e8-abd0dfe48105/opt/arm-himix200-linux/bin/arm-himix200-linux-g++    -std=c++1z -o CMakeFiles/cmTC_9682b.dir/feature_tests.cxx.o -c /media/alik/180307/3559a/aipc/build/CMakeFiles/feature_tests.cxx
Linking CXX executable cmTC_9682b
/usr/bin/cmake -E cmake_link_script CMakeFiles/cmTC_9682b.dir/link.txt --verbose=1
/media/alik/f54faace-0b8b-4347-99e8-abd0dfe48105/opt/arm-himix200-linux/bin/arm-himix200-linux-g++       -rdynamic CMakeFiles/cmTC_9682b.dir/feature_tests.cxx.o  -o cmTC_9682b 
make[1]: Leaving directory '/media/alik/180307/3559a/aipc/build/CMakeFiles/CMakeTmp'


    Feature record: CXX_FEATURE:1cxx_aggregate_default_initializers
    Feature record: CXX_FEATURE:1cxx_alias_templates
    Feature record: CXX_FEATURE:1cxx_alignas
    Feature record: CXX_FEATURE:1cxx_alignof
    Feature record: CXX_FEATURE:1cxx_attributes
    Feature record: CXX_FEATURE:1cxx_attribute_deprecated
    Feature record: CXX_FEATURE:1cxx_auto_type
    Feature record: CXX_FEATURE:1cxx_binary_literals
    Feature record: CXX_FEATURE:1cxx_constexpr
    Feature record: CXX_FEATURE:1cxx_contextual_conversions
    Feature record: CXX_FEATURE:1cxx_decltype
    Feature record: CXX_FEATURE:1cxx_decltype_auto
    Feature record: CXX_FEATURE:1cxx_decltype_incomplete_return_types
    Feature record: CXX_FEATURE:1cxx_default_function_template_args
    Feature record: CXX_FEATURE:1cxx_defaulted_functions
    Feature record: CXX_FEATURE:1cxx_defaulted_move_initializers
    Feature record: CXX_FEATURE:1cxx_delegating_constructors
    Feature record: CXX_FEATURE:1cxx_deleted_functions
    Feature record: CXX_FEATURE:1cxx_digit_separators
    Feature record: CXX_FEATURE:1cxx_enum_forward_declarations
    Feature record: CXX_FEATURE:1cxx_explicit_conversions
    Feature record: CXX_FEATURE:1cxx_extended_friend_declarations
    Feature record: CXX_FEATURE:1cxx_extern_templates
    Feature record: CXX_FEATURE:1cxx_final
    Feature record: CXX_FEATURE:1cxx_func_identifier
    Feature record: CXX_FEATURE:1cxx_generalized_initializers
    Feature record: CXX_FEATURE:1cxx_generic_lambdas
    Feature record: CXX_FEATURE:1cxx_inheriting_constructors
    Feature record: CXX_FEATURE:1cxx_inline_namespaces
    Feature record: CXX_FEATURE:1cxx_lambdas
    Feature record: CXX_FEATURE:1cxx_lambda_init_captures
    Feature record: CXX_FEATURE:1cxx_local_type_template_args
    Feature record: CXX_FEATURE:1cxx_long_long_type
    Feature record: CXX_FEATURE:1cxx_noexcept
    Feature record: CXX_FEATURE:1cxx_nonstatic_member_init
    Feature record: CXX_FEATURE:1cxx_nullptr
    Feature record: CXX_FEATURE:1cxx_override
    Feature record: CXX_FEATURE:1cxx_range_for
    Feature record: CXX_FEATURE:1cxx_raw_string_literals
    Feature record: CXX_FEATURE:1cxx_reference_qualified_functions
    Feature record: CXX_FEATURE:1cxx_relaxed_constexpr
    Feature record: CXX_FEATURE:1cxx_return_type_deduction
    Feature record: CXX_FEATURE:1cxx_right_angle_brackets
    Feature record: CXX_FEATURE:1cxx_rvalue_references
    Feature record: CXX_FEATURE:1cxx_sizeof_member
    Feature record: CXX_FEATURE:1cxx_static_assert
    Feature record: CXX_FEATURE:1cxx_strong_enums
    Feature record: CXX_FEATURE:1cxx_template_template_parameters
    Feature record: CXX_FEATURE:1cxx_thread_local
    Feature record: CXX_FEATURE:1cxx_trailing_return_types
    Feature record: CXX_FEATURE:1cxx_unicode_literals
    Feature record: CXX_FEATURE:1cxx_uniform_initialization
    Feature record: CXX_FEATURE:1cxx_unrestricted_unions
    Feature record: CXX_FEATURE:1cxx_user_literals
    Feature record: CXX_FEATURE:1cxx_variable_templates
    Feature record: CXX_FEATURE:1cxx_variadic_macros
    Feature record: CXX_FEATURE:1cxx_variadic_templates


Detecting CXX [-std=c++14] compiler features compiled with the following output:
Change Dir: /media/alik/180307/3559a/aipc/build/CMakeFiles/CMakeTmp

Run Build Command:"/usr/bin/make" "cmTC_2d525/fast"
/usr/bin/make -f CMakeFiles/cmTC_2d525.dir/build.make CMakeFiles/cmTC_2d525.dir/build
make[1]: Entering directory '/media/alik/180307/3559a/aipc/build/CMakeFiles/CMakeTmp'
Building CXX object CMakeFiles/cmTC_2d525.dir/feature_tests.cxx.o
/media/alik/f54faace-0b8b-4347-99e8-abd0dfe48105/opt/arm-himix200-linux/bin/arm-himix200-linux-g++    -std=c++14 -o CMakeFiles/cmTC_2d525.dir/feature_tests.cxx.o -c /media/alik/180307/3559a/aipc/build/CMakeFiles/feature_tests.cxx
Linking CXX executable cmTC_2d525
/usr/bin/cmake -E cmake_link_script CMakeFiles/cmTC_2d525.dir/link.txt --verbose=1
/media/alik/f54faace-0b8b-4347-99e8-abd0dfe48105/opt/arm-himix200-linux/bin/arm-himix200-linux-g++       -rdynamic CMakeFiles/cmTC_2d525.dir/feature_tests.cxx.o  -o cmTC_2d525 
make[1]: Leaving directory '/media/alik/180307/3559a/aipc/build/CMakeFiles/CMakeTmp'


    Feature record: CXX_FEATURE:1cxx_aggregate_default_initializers
    Feature record: CXX_FEATURE:1cxx_alias_templates
    Feature record: CXX_FEATURE:1cxx_alignas
    Feature record: CXX_FEATURE:1cxx_alignof
    Feature record: CXX_FEATURE:1cxx_attributes
    Feature record: CXX_FEATURE:1cxx_attribute_deprecated
    Feature record: CXX_FEATURE:1cxx_auto_type
    Feature record: CXX_FEATURE:1cxx_binary_literals
    Feature record: CXX_FEATURE:1cxx_constexpr
    Feature record: CXX_FEATURE:1cxx_contextual_conversions
    Feature record: CXX_FEATURE:1cxx_decltype
    Feature record: CXX_FEATURE:1cxx_decltype_auto
    Feature record: CXX_FEATURE:1cxx_decltype_incomplete_return_types
    Feature record: CXX_FEATURE:1cxx_default_function_template_args
    Feature record: CXX_FEATURE:1cxx_defaulted_functions
    Feature record: CXX_FEATURE:1cxx_defaulted_move_initializers
    Feature record: CXX_FEATURE:1cxx_delegating_constructors
    Feature record: CXX_FEATURE:1cxx_deleted_functions
    Feature record: CXX_FEATURE:1cxx_digit_separators
    Feature record: CXX_FEATURE:1cxx_enum_forward_declarations
    Feature record: CXX_FEATURE:1cxx_explicit_conversions
    Feature record: CXX_FEATURE:1cxx_extended_friend_declarations
    Feature record: CXX_FEATURE:1cxx_extern_templates
    Feature record: CXX_FEATURE:1cxx_final
    Feature record: CXX_FEATURE:1cxx_func_identifier
    Feature record: CXX_FEATURE:1cxx_generalized_initializers
    Feature record: CXX_FEATURE:1cxx_generic_lambdas
    Feature record: CXX_FEATURE:1cxx_inheriting_constructors
    Feature record: CXX_FEATURE:1cxx_inline_namespaces
    Feature record: CXX_FEATURE:1cxx_lambdas
    Feature record: CXX_FEATURE:1cxx_lambda_init_captures
    Feature record: CXX_FEATURE:1cxx_local_type_template_args
    Feature record: CXX_FEATURE:1cxx_long_long_type
    Feature record: CXX_FEATURE:1cxx_noexcept
    Feature record: CXX_FEATURE:1cxx_nonstatic_member_init
    Feature record: CXX_FEATURE:1cxx_nullptr
    Feature record: CXX_FEATURE:1cxx_override
    Feature record: CXX_FEATURE:1cxx_range_for
    Feature record: CXX_FEATURE:1cxx_raw_string_literals
    Feature record: CXX_FEATURE:1cxx_reference_qualified_functions
    Feature record: CXX_FEATURE:1cxx_relaxed_constexpr
    Feature record: CXX_FEATURE:1cxx_return_type_deduction
    Feature record: CXX_FEATURE:1cxx_right_angle_brackets
    Feature record: CXX_FEATURE:1cxx_rvalue_references
    Feature record: CXX_FEATURE:1cxx_sizeof_member
    Feature record: CXX_FEATURE:1cxx_static_assert
    Feature record: CXX_FEATURE:1cxx_strong_enums
    Feature record: CXX_FEATURE:1cxx_template_template_parameters
    Feature record: CXX_FEATURE:1cxx_thread_local
    Feature record: CXX_FEATURE:1cxx_trailing_return_types
    Feature record: CXX_FEATURE:1cxx_unicode_literals
    Feature record: CXX_FEATURE:1cxx_uniform_initialization
    Feature record: CXX_FEATURE:1cxx_unrestricted_unions
    Feature record: CXX_FEATURE:1cxx_user_literals
    Feature record: CXX_FEATURE:1cxx_variable_templates
    Feature record: CXX_FEATURE:1cxx_variadic_macros
    Feature record: CXX_FEATURE:1cxx_variadic_templates


Detecting CXX [-std=c++11] compiler features compiled with the following output:
Change Dir: /media/alik/180307/3559a/aipc/build/CMakeFiles/CMakeTmp

Run Build Command:"/usr/bin/make" "cmTC_139a5/fast"
/usr/bin/make -f CMakeFiles/cmTC_139a5.dir/build.make CMakeFiles/cmTC_139a5.dir/build
make[1]: Entering directory '/media/alik/180307/3559a/aipc/build/CMakeFiles/CMakeTmp'
Building CXX object CMakeFiles/cmTC_139a5.dir/feature_tests.cxx.o
/media/alik/f54faace-0b8b-4347-99e8-abd0dfe48105/opt/arm-himix200-linux/bin/arm-himix200-linux-g++    -std=c++11 -o CMakeFiles/cmTC_139a5.dir/feature_tests.cxx.o -c /media/alik/180307/3559a/aipc/build/CMakeFiles/feature_tests.cxx
Linking CXX executable cmTC_139a5
/usr/bin/cmake -E cmake_link_script CMakeFiles/cmTC_139a5.dir/link.txt --verbose=1
/media/alik/f54faace-0b8b-4347-99e8-abd0dfe48105/opt/arm-himix200-linux/bin/arm-himix200-linux-g++       -rdynamic CMakeFiles/cmTC_139a5.dir/feature_tests.cxx.o  -o cmTC_139a5 
make[1]: Leaving directory '/media/alik/180307/3559a/aipc/build/CMakeFiles/CMakeTmp'


    Feature record: CXX_FEATURE:0cxx_aggregate_default_initializers
    Feature record: CXX_FEATURE:1cxx_alias_templates
    Feature record: CXX_FEATURE:1cxx_alignas
    Feature record: CXX_FEATURE:1cxx_alignof
    Feature record: CXX_FEATURE:1cxx_attributes
    Feature record: CXX_FEATURE:0cxx_attribute_deprecated
    Feature record: CXX_FEATURE:1cxx_auto_type
    Feature record: CXX_FEATURE:0cxx_binary_literals
    Feature record: CXX_FEATURE:1cxx_constexpr
    Feature record: CXX_FEATURE:0cxx_contextual_conversions
    Feature record: CXX_FEATURE:1cxx_decltype
    Feature record: CXX_FEATURE:0cxx_decltype_auto
    Feature record: CXX_FEATURE:1cxx_decltype_incomplete_return_types
    Feature record: CXX_FEATURE:1cxx_default_function_template_args
    Feature record: CXX_FEATURE:1cxx_defaulted_functions
    Feature record: CXX_FEATURE:1cxx_defaulted_move_initializers
    Feature record: CXX_FEATURE:1cxx_delegating_constructors
    Feature record: CXX_FEATURE:1cxx_deleted_functions
    Feature record: CXX_FEATURE:0cxx_digit_separators
    Feature record: CXX_FEATURE:1cxx_enum_forward_declarations
    Feature record: CXX_FEATURE:1cxx_explicit_conversions
    Feature record: CXX_FEATURE:1cxx_extended_friend_declarations
    Feature record: CXX_FEATURE:1cxx_extern_templates
    Feature record: CXX_FEATURE:1cxx_final
    Feature record: CXX_FEATURE:1cxx_func_identifier
    Feature record: CXX_FEATURE:1cxx_generalized_initializers
    Feature record: CXX_FEATURE:0cxx_generic_lambdas
    Feature record: CXX_FEATURE:1cxx_inheriting_constructors
    Feature record: CXX_FEATURE:1cxx_inline_namespaces
    Feature record: CXX_FEATURE:1cxx_lambdas
    Feature record: CXX_FEATURE:0cxx_lambda_init_captures
    Feature record: CXX_FEATURE:1cxx_local_type_template_args
    Feature record: CXX_FEATURE:1cxx_long_long_type
    Feature record: CXX_FEATURE:1cxx_noexcept
    Feature record: CXX_FEATURE:1cxx_nonstatic_member_init
    Feature record: CXX_FEATURE:1cxx_nullptr
    Feature record: CXX_FEATURE:1cxx_override
    Feature record: CXX_FEATURE:1cxx_range_for
    Feature record: CXX_FEATURE:1cxx_raw_string_literals
    Feature record: CXX_FEATURE:1cxx_reference_qualified_functions
    Feature record: CXX_FEATURE:0cxx_relaxed_constexpr
    Feature record: CXX_FEATURE:0cxx_return_type_deduction
    Feature record: CXX_FEATURE:1cxx_right_angle_brackets
    Feature record: CXX_FEATURE:1cxx_rvalue_references
    Feature record: CXX_FEATURE:1cxx_sizeof_member
    Feature record: CXX_FEATURE:1cxx_static_assert
    Feature record: CXX_FEATURE:1cxx_strong_enums
    Feature record: CXX_FEATURE:1cxx_template_template_parameters
    Feature record: CXX_FEATURE:1cxx_thread_local
    Feature record: CXX_FEATURE:1cxx_trailing_return_types
    Feature record: CXX_FEATURE:1cxx_unicode_literals
    Feature record: CXX_FEATURE:1cxx_uniform_initialization
    Feature record: CXX_FEATURE:1cxx_unrestricted_unions
    Feature record: CXX_FEATURE:1cxx_user_literals
    Feature record: CXX_FEATURE:0cxx_variable_templates
    Feature record: CXX_FEATURE:1cxx_variadic_macros
    Feature record: CXX_FEATURE:1cxx_variadic_templates


Detecting CXX [-std=c++98] compiler features compiled with the following output:
Change Dir: /media/alik/180307/3559a/aipc/build/CMakeFiles/CMakeTmp

Run Build Command:"/usr/bin/make" "cmTC_b8d60/fast"
/usr/bin/make -f CMakeFiles/cmTC_b8d60.dir/build.make CMakeFiles/cmTC_b8d60.dir/build
make[1]: Entering directory '/media/alik/180307/3559a/aipc/build/CMakeFiles/CMakeTmp'
Building CXX object CMakeFiles/cmTC_b8d60.dir/feature_tests.cxx.o
/media/alik/f54faace-0b8b-4347-99e8-abd0dfe48105/opt/arm-himix200-linux/bin/arm-himix200-linux-g++    -std=c++98 -o CMakeFiles/cmTC_b8d60.dir/feature_tests.cxx.o -c /media/alik/180307/3559a/aipc/build/CMakeFiles/feature_tests.cxx
Linking CXX executable cmTC_b8d60
/usr/bin/cmake -E cmake_link_script CMakeFiles/cmTC_b8d60.dir/link.txt --verbose=1
/media/alik/f54faace-0b8b-4347-99e8-abd0dfe48105/opt/arm-himix200-linux/bin/arm-himix200-linux-g++       -rdynamic CMakeFiles/cmTC_b8d60.dir/feature_tests.cxx.o  -o cmTC_b8d60 
make[1]: Leaving directory '/media/alik/180307/3559a/aipc/build/CMakeFiles/CMakeTmp'


    Feature record: CXX_FEATURE:0cxx_aggregate_default_initializers
    Feature record: CXX_FEATURE:0cxx_alias_templates
    Feature record: CXX_FEATURE:0cxx_alignas
    Feature record: CXX_FEATURE:0cxx_alignof
    Feature record: CXX_FEATURE:0cxx_attributes
    Feature record: CXX_FEATURE:0cxx_attribute_deprecated
    Feature record: CXX_FEATURE:0cxx_auto_type
    Feature record: CXX_FEATURE:0cxx_binary_literals
    Feature record: CXX_FEATURE:0cxx_constexpr
    Feature record: CXX_FEATURE:0cxx_contextual_conversions
    Feature record: CXX_FEATURE:0cxx_decltype
    Feature record: CXX_FEATURE:0cxx_decltype_auto
    Feature record: CXX_FEATURE:0cxx_decltype_incomplete_return_types
    Feature record: CXX_FEATURE:0cxx_default_function_template_args
    Feature record: CXX_FEATURE:0cxx_defaulted_functions
    Feature record: CXX_FEATURE:0cxx_defaulted_move_initializers
    Feature record: CXX_FEATURE:0cxx_delegating_constructors
    Feature record: CXX_FEATURE:0cxx_deleted_functions
    Feature record: CXX_FEATURE:0cxx_digit_separators
    Feature record: CXX_FEATURE:0cxx_enum_forward_declarations
    Feature record: CXX_FEATURE:0cxx_explicit_conversions
    Feature record: CXX_FEATURE:0cxx_extended_friend_declarations
    Feature record: CXX_FEATURE:0cxx_extern_templates
    Feature record: CXX_FEATURE:0cxx_final
    Feature record: CXX_FEATURE:0cxx_func_identifier
    Feature record: CXX_FEATURE:0cxx_generalized_initializers
    Feature record: CXX_FEATURE:0cxx_generic_lambdas
    Feature record: CXX_FEATURE:0cxx_inheriting_constructors
    Feature record: CXX_FEATURE:0cxx_inline_namespaces
    Feature record: CXX_FEATURE:0cxx_lambdas
    Feature record: CXX_FEATURE:0cxx_lambda_init_captures
    Feature record: CXX_FEATURE:0cxx_local_type_template_args
    Feature record: CXX_FEATURE:0cxx_long_long_type
    Feature record: CXX_FEATURE:0cxx_noexcept
    Feature record: CXX_FEATURE:0cxx_nonstatic_member_init
    Feature record: CXX_FEATURE:0cxx_nullptr
    Feature record: CXX_FEATURE:0cxx_override
    Feature record: CXX_FEATURE:0cxx_range_for
    Feature record: CXX_FEATURE:0cxx_raw_string_literals
    Feature record: CXX_FEATURE:0cxx_reference_qualified_functions
    Feature record: CXX_FEATURE:0cxx_relaxed_constexpr
    Feature record: CXX_FEATURE:0cxx_return_type_deduction
    Feature record: CXX_FEATURE:0cxx_right_angle_brackets
    Feature record: CXX_FEATURE:0cxx_rvalue_references
    Feature record: CXX_FEATURE:0cxx_sizeof_member
    Feature record: CXX_FEATURE:0cxx_static_assert
    Feature record: CXX_FEATURE:0cxx_strong_enums
    Feature record: CXX_FEATURE:1cxx_template_template_parameters
    Feature record: CXX_FEATURE:0cxx_thread_local
    Feature record: CXX_FEATURE:0cxx_trailing_return_types
    Feature record: CXX_FEATURE:0cxx_unicode_literals
    Feature record: CXX_FEATURE:0cxx_uniform_initialization
    Feature record: CXX_FEATURE:0cxx_unrestricted_unions
    Feature record: CXX_FEATURE:0cxx_user_literals
    Feature record: CXX_FEATURE:0cxx_variable_templates
    Feature record: CXX_FEATURE:0cxx_variadic_macros
    Feature record: CXX_FEATURE:0cxx_variadic_templates
